Build started 7/4/2017 5:33:10 PM.
     1>Project "C:\Users\shayf\Desktop\DESKTOP\C++\Forum\Forum\Forum.vcxproj" on node 2 (Build target(s)).
     1>ClCompile:
         C:\Program Files (x86)\Microsoft Visual Studio 12.0\VC\bin\CL.exe /c /ZI /nologo /W3 /WX- /sdl /Od /Oy- /D WIN32 /D _DEBUG /D _CONSOLE /D _LIB /D _UNICODE /D UNICODE /D _CRT_SECURE_NO_WARNINGS /Gm /EHsc /RTC1 /MDd /GS /fp:precise /Zc:wchar_t /Zc:forScope /Yc"stdafx.h" /Fp"Debug\Forum.pch" /Fo"Debug\\" /Fd"Debug\vc120.pdb" /FR"Debug\\" /Gd /TP /analyze- /errorReport:prompt stdafx.cpp
         stdafx.cpp
         C:\Program Files (x86)\Microsoft Visual Studio 12.0\VC\bin\CL.exe /c /ZI /nologo /W3 /WX- /sdl /Od /Oy- /D WIN32 /D _DEBUG /D _CONSOLE /D _LIB /D _UNICODE /D UNICODE /D _CRT_SECURE_NO_WARNINGS /Gm /EHsc /RTC1 /MDd /GS /fp:precise /Zc:wchar_t /Zc:forScope /Yu"stdafx.h" /Fp"Debug\Forum.pch" /Fo"Debug\\" /Fd"Debug\vc120.pdb" /FR"Debug\\" /Gd /TP /analyze- /errorReport:prompt Engine.cpp Forum.cpp Message.cpp Post.cpp user.cpp
         user.cpp
         Post.cpp
         Message.cpp
         Forum.cpp
         Engine.cpp
     1>c:\users\shayf\desktop\desktop\c++\forum\forum\engine.cpp(101): warning C4554: '|' : check operator precedence for possible error; use parentheses to clarify precedence
         Generating Code...
     1>c:\users\shayf\desktop\desktop\c++\forum\forum\engine.cpp(124): warning C4715: 'Engine::logInUser' : not all control paths return a value
       Link:
         C:\Program Files (x86)\Microsoft Visual Studio 12.0\VC\bin\link.exe /ERRORREPORT:PROMPT /OUT:"C:\Users\shayf\Desktop\DESKTOP\C++\Forum\Debug\Forum.exe" /INCREMENTAL /NOLOGO kernel32.lib user32.lib gdi32.lib winspool.lib comdlg32.lib advapi32.lib shell32.lib ole32.lib oleaut32.lib uuid.lib odbc32.lib odbccp32.lib /MANIFEST /MANIFESTUAC:"level='asInvoker' uiAccess='false'" /manifest:embed /DEBUG /PDB:"C:\Users\shayf\Desktop\DESKTOP\C++\Forum\Debug\Forum.pdb" /SUBSYSTEM:CONSOLE /TLBID:1 /DYNAMICBASE /NXCOMPAT /IMPLIB:"C:\Users\shayf\Desktop\DESKTOP\C++\Forum\Debug\Forum.lib" /MACHINE:X86 Debug\Engine.obj
         Debug\Forum.obj
         Debug\Message.obj
         Debug\Post.obj
         Debug\stdafx.obj
         Debug\user.obj
         Forum.vcxproj -> C:\Users\shayf\Desktop\DESKTOP\C++\Forum\Debug\Forum.exe
       BscMake:
         C:\Program Files (x86)\Microsoft Visual Studio 12.0\VC\bin\bscmake.exe /nologo /o"C:\Users\shayf\Desktop\DESKTOP\C++\Forum\Debug\Forum.bsc" /n Debug\Engine.sbr Debug\Forum.sbr Debug\Message.sbr Debug\Post.sbr Debug\stdafx.sbr Debug\user.sbr
     1>Done Building Project "C:\Users\shayf\Desktop\DESKTOP\C++\Forum\Forum\Forum.vcxproj" (Build target(s)).

Build succeeded.

Time Elapsed 00:00:07.15
